[     130ms] [ERROR] Creating a worker from 'blob:https://yoodle.vercel.app/c984a86b-dda4-4d6d-8ba7-f8afc4ffc18e' violates the following Content Security Policy directive: "script-src 'self' 'unsafe-inline' 'unsafe-eval'". Note that 'worker-src' was not explicitly set, so 'script-src' is used as a fallback. The action has been blocked. @ https://yoodle.vercel.app/_next/static/chunks/52774a7f-5971eaef6023ffbe.js:1
[     977ms] [ERROR] Failed to load resource: the server responded with a status of 400 () @ https://yoodle.vercel.app/_next/image?url=%2Fapi%2Favatar%2F69add0b08b958bf0321f444a&w=48&q=75:0
[    1009ms] [ERROR] Failed to load resource: the server responded with a status of 400 () @ https://yoodle.vercel.app/_next/image?url=%2Fapi%2Favatar%2F69ace4179d07ba019d929521&w=48&q=75:0
[    1153ms] [ERROR] Failed to load resource: the server responded with a status of 400 () @ https://yoodle.vercel.app/_next/image?url=%2Fapi%2Favatar%2F69add2123bb028c30cf79855&w=48&q=75:0
[  182853ms] [ERROR] Failed to load resource: the server responded with a status of 400 () @ https://yoodle.vercel.app/_next/image?url=%2Fapi%2Favatar%2F69ace4179d07ba019d929521&w=48&q=75:0
[  182855ms] [ERROR] Failed to load resource: the server responded with a status of 400 () @ https://yoodle.vercel.app/_next/image?url=%2Fapi%2Favatar%2F69add0b08b958bf0321f444a&w=48&q=75:0
[  902658ms] [ERROR] Failed to load resource: the server responded with a status of 401 () @ https://yoodle.vercel.app/api/ai/briefing:0
[  931562ms] [ERROR] Creating a worker from 'blob:https://yoodle.vercel.app/e26fd39b-4a00-4784-85a1-b719b87e4cc4' violates the following Content Security Policy directive: "script-src 'self' 'unsafe-inline' 'unsafe-eval'". Note that 'worker-src' was not explicitly set, so 'script-src' is used as a fallback. The action has been blocked. @ https://yoodle.vercel.app/_next/static/chunks/52774a7f-5971eaef6023ffbe.js:1
[  933572ms] [ERROR] Failed to load resource: the server responded with a status of 401 () @ https://yoodle.vercel.app/api/auth/session:0
[  934982ms] [ERROR] Framing 'https://accounts.youtube.com/' violates the following report-only Content Security Policy directive: "frame-ancestors 'self'". The violation has been logged, but no further action has been taken.
 @ :0
[  948715ms] [ERROR] Creating a worker from 'blob:https://yoodle.vercel.app/f0ce37f6-4eef-48db-af65-7defc306f657' violates the following Content Security Policy directive: "script-src 'self' 'unsafe-inline' 'unsafe-eval'". Note that 'worker-src' was not explicitly set, so 'script-src' is used as a fallback. The action has been blocked. @ https://yoodle.vercel.app/_next/static/chunks/52774a7f-5971eaef6023ffbe.js:1
[  952120ms] [ERROR] Failed to load resource: the server responded with a status of 400 () @ https://yoodle.vercel.app/_next/image?url=%2Fapi%2Favatar%2F69ace4179d07ba019d929521&w=48&q=75:0
[  952255ms] [ERROR] Failed to load resource: the server responded with a status of 400 () @ https://yoodle.vercel.app/_next/image?url=%2Fapi%2Favatar%2F69add0b08b958bf0321f444a&w=48&q=75:0
[  952257ms] [ERROR] Failed to load resource: the server responded with a status of 400 () @ https://yoodle.vercel.app/_next/image?url=%2Fapi%2Favatar%2F69add2123bb028c30cf79855&w=48&q=75:0
[  955205ms] [ERROR] Failed to load resource: the server responded with a status of 400 () @ https://yoodle.vercel.app/_next/image?url=%2Fapi%2Favatar%2F69ace4179d07ba019d929521&w=48&q=75:0
[  955343ms] [ERROR] Failed to load resource: the server responded with a status of 400 () @ https://yoodle.vercel.app/_next/image?url=%2Fapi%2Favatar%2F69add0b08b958bf0321f444a&w=48&q=75:0
[  955487ms] [ERROR] Failed to load resource: the server responded with a status of 400 () @ https://yoodle.vercel.app/_next/image?url=%2Fapi%2Favatar%2F69ace4179d07ba019d929521&w=48&q=75:0
[  988307ms] [ERROR] Creating a worker from 'blob:https://yoodle.vercel.app/cc6f5328-9e8a-4ecb-9ce7-3cd0c53344fd' violates the following Content Security Policy directive: "script-src 'self' 'unsafe-inline' 'unsafe-eval'". Note that 'worker-src' was not explicitly set, so 'script-src' is used as a fallback. The action has been blocked. @ https://yoodle.vercel.app/_next/static/chunks/52774a7f-5971eaef6023ffbe.js:1
[  989034ms] [ERROR] Failed to load resource: the server responded with a status of 400 () @ https://yoodle.vercel.app/_next/image?url=%2Fapi%2Favatar%2F69add2123bb028c30cf79855&w=48&q=75:0
[  989182ms] [ERROR] Failed to load resource: the server responded with a status of 400 () @ https://yoodle.vercel.app/_next/image?url=%2Fapi%2Favatar%2F69ace4179d07ba019d929521&w=48&q=75:0
[  989183ms] [ERROR] Failed to load resource: the server responded with a status of 400 () @ https://yoodle.vercel.app/_next/image?url=%2Fapi%2Favatar%2F69add0b08b958bf0321f444a&w=48&q=75:0
[ 1312458ms] [ERROR] Failed to load resource: the server responded with a status of 400 () @ https://yoodle.vercel.app/_next/image?url=%2Fapi%2Favatar%2F69add0b08b958bf0321f444a&w=48&q=75:0
[ 1312605ms] [ERROR] Failed to load resource: the server responded with a status of 400 () @ https://yoodle.vercel.app/_next/image?url=%2Fapi%2Favatar%2F69ace4179d07ba019d929521&w=48&q=75:0
[ 1334318ms] [ERROR] Creating a worker from 'blob:https://yoodle.vercel.app/64cb79e9-754f-4cff-8d77-bfaf77f6e1bf' violates the following Content Security Policy directive: "script-src 'self' 'unsafe-inline' 'unsafe-eval'". Note that 'worker-src' was not explicitly set, so 'script-src' is used as a fallback. The action has been blocked. @ https://yoodle.vercel.app/_next/static/chunks/52774a7f-5971eaef6023ffbe.js:1
[ 1338464ms] [ERROR] Failed to load resource: the server responded with a status of 400 () @ https://yoodle.vercel.app/_next/image?url=%2Fapi%2Favatar%2F69ace4179d07ba019d929521&w=48&q=75:0
[ 1338592ms] [ERROR] Failed to load resource: the server responded with a status of 400 () @ https://yoodle.vercel.app/_next/image?url=%2Fapi%2Favatar%2F69add0b08b958bf0321f444a&w=48&q=75:0
[ 1338592ms] [ERROR] Failed to load resource: the server responded with a status of 400 () @ https://yoodle.vercel.app/_next/image?url=%2Fapi%2Favatar%2F69add2123bb028c30cf79855&w=48&q=75:0
[ 1351090ms] [ERROR] Creating a worker from 'blob:https://yoodle.vercel.app/5a1a979f-c6ff-42cd-a626-c90f8adabde3' violates the following Content Security Policy directive: "script-src 'self' 'unsafe-inline' 'unsafe-eval'". Note that 'worker-src' was not explicitly set, so 'script-src' is used as a fallback. The action has been blocked. @ https://yoodle.vercel.app/_next/static/chunks/52774a7f-5971eaef6023ffbe.js:1
[ 1352072ms] [ERROR] Failed to load resource: the server responded with a status of 400 () @ https://yoodle.vercel.app/_next/image?url=%2Fapi%2Favatar%2F69add0b08b958bf0321f444a&w=48&q=75:0
[ 1352209ms] [ERROR] Failed to load resource: the server responded with a status of 400 () @ https://yoodle.vercel.app/_next/image?url=%2Fapi%2Favatar%2F69add2123bb028c30cf79855&w=48&q=75:0
[ 1352211ms] [ERROR] Failed to load resource: the server responded with a status of 400 () @ https://yoodle.vercel.app/_next/image?url=%2Fapi%2Favatar%2F69ace4179d07ba019d929521&w=48&q=75:0
[ 1399616ms] [ERROR] Creating a worker from 'blob:https://yoodle.vercel.app/2ed247c0-fe7a-42e7-a616-ddf22c226894' violates the following Content Security Policy directive: "script-src 'self' 'unsafe-inline' 'unsafe-eval'". Note that 'worker-src' was not explicitly set, so 'script-src' is used as a fallback. The action has been blocked. @ https://yoodle.vercel.app/_next/static/chunks/52774a7f-5971eaef6023ffbe.js:1
[ 1400393ms] [ERROR] Failed to load resource: the server responded with a status of 400 () @ https://yoodle.vercel.app/_next/image?url=%2Fapi%2Favatar%2F69add0b08b958bf0321f444a&w=48&q=75:0
[ 1400399ms] [ERROR] Failed to load resource: the server responded with a status of 400 () @ https://yoodle.vercel.app/_next/image?url=%2Fapi%2Favatar%2F69add2123bb028c30cf79855&w=48&q=75:0
[ 1400404ms] [ERROR] Failed to load resource: the server responded with a status of 400 () @ https://yoodle.vercel.app/_next/image?url=%2Fapi%2Favatar%2F69ace4179d07ba019d929521&w=48&q=75:0
[ 1402281ms] [ERROR] Failed to load resource: the server responded with a status of 400 () @ https://yoodle.vercel.app/_next/image?url=%2Fapi%2Favatar%2F69ace4179d07ba019d929521&w=48&q=75:0
[ 1402419ms] [ERROR] Failed to load resource: the server responded with a status of 400 () @ https://yoodle.vercel.app/_next/image?url=%2Fapi%2Favatar%2F69add0b08b958bf0321f444a&w=48&q=75:0
[ 1402427ms] [ERROR] Failed to load resource: the server responded with a status of 400 () @ https://yoodle.vercel.app/_next/image?url=%2Fapi%2Favatar%2F69ace4179d07ba019d929521&w=48&q=75:0
[ 1402707ms] [ERROR] Failed to load resource: the server responded with a status of 400 () @ https://yoodle.vercel.app/_next/image?url=%2Fapi%2Favatar%2F69ace4179d07ba019d929521&w=48&q=75:0
[ 1403243ms] [ERROR] Failed to load resource: the server responded with a status of 400 () @ https://yoodle.vercel.app/_next/image?url=%2Fapi%2Favatar%2F69ace4179d07ba019d929521&w=48&q=75:0
[ 2112336ms] [ERROR] Creating a worker from 'blob:https://yoodle.vercel.app/f85bf123-4fe9-4ad8-b80c-23e530c51c09' violates the following Content Security Policy directive: "script-src 'self' 'unsafe-inline' 'unsafe-eval'". Note that 'worker-src' was not explicitly set, so 'script-src' is used as a fallback. The action has been blocked. @ https://yoodle.vercel.app/_next/static/chunks/52774a7f-5971eaef6023ffbe.js:1
[ 2165109ms] [ERROR] Failed to load resource: the server responded with a status of 400 () @ https://yoodle.vercel.app/_next/image?url=%2Fapi%2Favatar%2F69add2123bb028c30cf79855&w=48&q=75:0
[ 2165109ms] [ERROR] Failed to load resource: the server responded with a status of 400 () @ https://yoodle.vercel.app/_next/image?url=%2Fapi%2Favatar%2F69ace4179d07ba019d929521&w=48&q=75:0
[ 2165219ms] [ERROR] Failed to load resource: the server responded with a status of 400 () @ https://yoodle.vercel.app/_next/image?url=%2Fapi%2Favatar%2F69add0b08b958bf0321f444a&w=48&q=75:0
[ 2165221ms] [ERROR] Failed to load resource: the server responded with a status of 400 () @ https://yoodle.vercel.app/_next/image?url=%2Fapi%2Favatar%2F69ace4179d07ba019d929521&w=48&q=75:0
[ 3066750ms] [ERROR] Failed to load resource: the server responded with a status of 401 () @ https://yoodle.vercel.app/api/ai/briefing:0
